<?xml version="1.0" encoding="UTF-8"?>
<testng-results ignored="0" total="1" passed="1" failed="0" skipped="0">
  <reporter-output>
  </reporter-output>
  <suite started-at="2023-05-31T13:19:35 IST" name="Default suite" finished-at="2023-05-31T13:19:59 IST" duration-ms="24314">
    <groups>
    </groups>
    <test started-at="2023-05-31T13:19:35 IST" name="Default test" finished-at="2023-05-31T13:19:59 IST" duration-ms="24314">
      <class name="com.Test.Tst">
        <test-method signature="l1()[pri:0, instance:com.Test.Tst@123ef382]" started-at="2023-05-31T13:19:35 IST" name="l1" finished-at="2023-05-31T13:19:59 IST" duration-ms="24273" status="PASS">
          <reporter-output>
          </reporter-output>
        </test-method> <!-- l1 -->
      </class> <!-- com.Test.Tst -->
    </test> <!-- Default test -->
  </suite> <!-- Default suite -->
</testng-results>
